<?xml version="1.0" encoding="utf-8"?><testsuites name="pytest tests"><testsuite name="pytest" errors="0" failures="1" skipped="0" tests="11" time="1.672" timestamp="2026-09-06T11:03:37.194530+00:00" hostname="agent-env-b2533acf-63fb-4910-b6fb-b51616670e9b"><testcase classname="tests.test_tonconnect_manifest_v6_and_zero_locked.TestTonConnectIcon" name="test_get_icon[/api/tonconnect-icon-v3.png]" time="0.283" /><testcase classname="tests.test_tonconnect_manifest_v6_and_zero_locked.TestTonConnectManifestV6" name="test_get_manifest_v6" time="0.250" /><testcase classname="tests.test_tonconnect_manifest_v6_and_zero_locked.TestTonConnectManifestV6" name="test_head_manifest_v6" time="0.121" /><testcase classname="tests.test_tonconnect_manifest_v6_and_zero_locked.TestTonConnectIcon" name="test_get_icon[/api/tonconnect-icon.png]" time="0.162" /><testcase classname="tests.test_tonconnect_manifest_v6_and_zero_locked.TestTonConnectManifestV6" name="test_old_manifest_paths_still_200[/api/tonconnect-manifest.json]" time="0.142" /><testcase classname="tests.test_tonconnect_manifest_v6_and_zero_locked.TestTonConnectIcon" name="test_head_icon_not_405[/api/tonconnect-icon-v3.png]" time="0.129" /><testcase classname="tests.test_tonconnect_manifest_v6_and_zero_locked.TestTonConnectManifestV6" name="test_old_manifest_paths_still_200[/api/tonconnect-manifest-v3.json]" time="0.192" /><testcase classname="tests.test_tonconnect_manifest_v6_and_zero_locked.TestTonConnectIcon" name="test_head_icon_not_405[/api/tonconnect-icon.png]" time="0.143" /><testcase classname="tests.test_tonconnect_manifest_v6_and_zero_locked.TestTonConnectManifestV6" name="test_old_manifest_paths_still_200[/api/tonconnect-manifest-v4.json]" time="0.120" /><testcase classname="tests.test_tonconnect_manifest_v6_and_zero_locked.TestTonConnectManifestV6" name="test_old_manifest_paths_still_200[/api/tonconnect-manifest-v5.json]" time="0.267" /><testcase classname="tests.test_tonconnect_manifest_v6_and_zero_locked.TestZeroLockedBuy" name="test_zero_locked_returns_423" time="0.614"><failure message="AssertionError: {'code': 'presale_locked', 'message': 'Покупка недоступна', 'button_text': ''}&#10;assert 'presale_locked' == 'zero_locked'&#10;  &#10;  - zero_locked&#10;  + presale_locked">backend/tests/test_tonconnect_manifest_v6_and_zero_locked.py:100: in test_zero_locked_returns_423
    assert detail.get("code") == "zero_locked", detail
E   AssertionError: {'code': 'presale_locked', 'message': 'Покупка недоступна', 'button_text': ''}
E   assert 'presale_locked' == 'zero_locked'
E     
E     - zero_locked
E     + presale_locked</failure></testcase></testsuite></testsuites>